
> PyTC Client@0.1.0 build
> cross-env CI=false react-scripts build

[baseline-browser-mapping] The data in this module is over two months old.  To ensure accurate Baseline data, please update: `npm i baseline-browser-mapping@latest -D`
Creating an optimized production build...
[baseline-browser-mapping] The data in this module is over two months old.  To ensure accurate Baseline data, please update: `npm i baseline-browser-mapping@latest -D`
Compiled with warnings.

[eslint] 
src/components/FilePickerModal.js
  Line 102:35:  Function declared in a loop contains unsafe references to variable(s) 'curr'                                                                                                                                                                                                                                                                                              no-loop-func
  Line 124:35:  Function declared in a loop contains unsafe references to variable(s) 'currParentId'                                                                                                                                                                                                                                                                                      no-loop-func
  Line 243:15:  The href attribute is required for an anchor to be keyboard accessible. Provide a valid, navigable address as the href value. If you cannot provide an href, but still need the element to resemble a link, use a button and change it with appropriate styles. Learn more: https://github.com/jsx-eslint/eslint-plugin-jsx-a11y/blob/HEAD/docs/rules/anchor-is-valid.md  jsx-a11y/anchor-is-valid

src/components/NeuroglancerViewer.js
  Line 25:6:  React Hook useEffect has a missing dependency: 'loadViewer'. Either include it or remove the dependency array  react-hooks/exhaustive-deps

src/components/WorkflowSelector.js
  Line 11:3:  'BarChartOutlined' is defined but never used  no-unused-vars

src/components/YamlFileUploader.js
  Line 349:6:  React Hook useEffect has missing dependencies: 'getCurrentConfig' and 'syncYamlContext'. Either include them or remove the dependency array                                      react-hooks/exhaustive-deps
  Line 363:6:  React Hook useEffect has missing dependencies: 'getCurrentConfig', 'setCurrentConfig', and 'updateInputSelectorInformation'. Either include them or remove the dependency array  react-hooks/exhaustive-deps
  Line 376:6:  React Hook useMemo has a missing dependency: 'getCurrentConfig'. Either include it or remove the dependency array                                                                react-hooks/exhaustive-deps

src/views/EHTool.js
  Line 25:6:  React Hook useEffect has a missing dependency: 'sessionId'. Either include it or remove the dependency array  react-hooks/exhaustive-deps

src/views/FilesManager.js
  Line 202:27:  Function declared in a loop contains unsafe references to variable(s) 'curr'                                                                                                                           no-loop-func
  Line 528:32:  Function declared in a loop contains unsafe references to variable(s) 'descendantSizeKb', 'descendantSizeKb', 'descendantSizeKb', 'descendantSizeKb'                                                   no-loop-func
  Line 825:6:   React Hook useEffect has missing dependencies: 'finishCreateFolder', 'finishRename', 'handleCopy', 'handleCut', 'handleDelete', and 'handlePaste'. Either include them or remove the dependency array  react-hooks/exhaustive-deps

src/views/ProofReading.js
  Line 22:21:  'setProjectId' is assigned a value but never used                                                                                                                 no-unused-vars
  Line 29:6:   React Hook useEffect has missing dependencies: 'fetchNeuroglancerUrl' and 'fetchSynapses'. Either include them or remove the dependency array                     react-hooks/exhaustive-deps
  Line 70:6:   React Hook useEffect has missing dependencies: 'goToNext', 'goToPrevious', 'saveCurrent', and 'updateStatus'. Either include them or remove the dependency array  react-hooks/exhaustive-deps

src/views/Views.js
  Line 12:3:  'BarChartOutlined' is defined but never used  no-unused-vars

src/views/Visualization.js
  Line 1:39:   'useEffect' is defined but never used       no-unused-vars
  Line 28:11:  'files' is assigned a value but never used  no-unused-vars

src/views/ehtool/DetectionWorkflow.js
  Line 225:6:   React Hook useEffect has a missing dependency: 'loadInstances'. Either include it or remove the dependency array                                                                                                                                                         react-hooks/exhaustive-deps
  Line 274:20:  The ref value 'schedulerRef.current' will likely have changed by the time this effect cleanup function runs. If this ref points to a node rendered by React, copy 'schedulerRef.current' to a variable inside the effect, and use that variable in the cleanup function  react-hooks/exhaustive-deps
  Line 314:6:   React Hook useEffect has a missing dependency: 'loadInstanceView'. Either include it or remove the dependency array                                                                                                                                                      react-hooks/exhaustive-deps
  Line 355:6:   React Hook useEffect has a missing dependency: 'loadInstanceView'. Either include it or remove the dependency array                                                                                                                                                      react-hooks/exhaustive-deps
  Line 416:6:   React Hook useEffect has missing dependencies: 'goToNextInstance', 'goToPreviousInstance', 'handleAxisChange', and 'handleInstanceClassify'. Either include them or remove the dependency array                                                                          react-hooks/exhaustive-deps
  Line 524:6:   React Hook useEffect has a missing dependency: 'clearFrameCaches'. Either include it or remove the dependency array                                                                                                                                                      react-hooks/exhaustive-deps

src/views/ehtool/ProofreadingEditor.js
  Line 140:8:  React Hook useEffect has a missing dependency: 'loadImages'. Either include it or remove the dependency array                                    react-hooks/exhaustive-deps
  Line 148:8:  React Hook useEffect has missing dependencies: 'drawCanvas' and 'drawMinimap'. Either include them or remove the dependency array                react-hooks/exhaustive-deps
  Line 163:8:  React Hook useEffect has missing dependencies: 'drawCanvas' and 'drawMinimap'. Either include them or remove the dependency array                react-hooks/exhaustive-deps
  Line 403:8:  React Hook useEffect has a missing dependency: 'loadOverlayImage'. Either include it or remove the dependency array                              react-hooks/exhaustive-deps
  Line 407:8:  React Hook useEffect has a missing dependency: 'loadOverlayImage'. Either include it or remove the dependency array                              react-hooks/exhaustive-deps
  Line 653:7:  React Hook useMemo has a missing dependency: 'glasbeyColor'. Either include it or remove the dependency array                                    react-hooks/exhaustive-deps
  Line 662:8:  React Hook useEffect has missing dependencies: 'drawCanvas' and 'drawMinimap'. Either include them or remove the dependency array                react-hooks/exhaustive-deps
  Line 899:9:  Expected a default case                                                                                                                          default-case
  Line 940:8:  React Hook useEffect has missing dependencies: 'handleRedo', 'handleSave', and 'handleUndo'. Either include them or remove the dependency array  react-hooks/exhaustive-deps

src/views/project-manager/AnnotationDashboard.js
  Line 177:9:  'isAdmin' is assigned a value but never used  no-unused-vars

src/views/project-manager/ModelQualityDashboard.js
  Line 40:7:  'CONFUSION_MATRIX' is assigned a value but never used  no-unused-vars

src/views/project-manager/ProjectManager.js
  Line 11:5:  'UserOutlined' is defined but never used      no-unused-vars
  Line 12:5:  'CrownOutlined' is defined but never used     no-unused-vars
  Line 33:9:  'loading' is assigned a value but never used  no-unused-vars

src/views/project-manager/ProjectManagerLogin.js
  Line 14:15:  'success' is assigned a value but never used  no-unused-vars

src/views/project-manager/ProofreaderProgress.js
  Line 120:8:  React Hook useMemo has a missing dependency: 'getStats'. Either include it or remove the dependency array  react-hooks/exhaustive-deps

src/views/project-manager/QuotaManagement.js
  Line 29:5:  'SaveOutlined' is defined but never used           no-unused-vars
  Line 91:9:  'activeWorker' is assigned a value but never used  no-unused-vars

src/views/project-manager/VolumeTracker.js
  Line 4:61:    'Popconfirm' is defined but never used                                                                         no-unused-vars
  Line 99:8:    React Hook useMemo has an unnecessary dependency: 'isAdmin'. Either exclude it or remove the dependency array  react-hooks/exhaustive-deps
  Line 134:23:  'cfg' is assigned a value but never used                                                                       no-unused-vars

Search for the keywords to learn more about each warning.
To ignore, add // eslint-disable-next-line to the line before.

File sizes after gzip:

  581.44 kB  build/static/js/main.5121cd1e.js
  465 B      build/static/css/main.40821645.css

The bundle size is significantly larger than recommended.
Consider reducing it with code splitting: https://goo.gl/9VhYWB
You can also analyze the project dependencies: https://goo.gl/LeUzfb

The project was built assuming it is hosted at ./.
You can control this with the homepage field in your package.json.

The build folder is ready to be deployed.

Find out more about deployment here:

  https://cra.link/deployment

